build/app/outputs/mapping/release/mapping.txt
# compiler: R8
# compiler_version: 1.5.64
# min_api: 16
# pg_map_id: a32e49c
com.am.todo.MainActivity -> com.am.todo.MainActivity:
    void configureFlutterEngine(io.flutter.embedding.engine.FlutterEngine) -> a
...
io.flutter.embedding.engine.systemchannels.KeyEventChannel$FlutterKeyEvent -> io.flutter.embedding.engine.i.b$a:
    int repeatCount -> l
    int vendorId -> j
    int productId -> k
    int metaState -> h
    int source -> i
    int scanCode -> g
    int codePoint -> d
    int keyCode -> e
    int flags -> b
    int plainCodePoint -> c
    java.lang.Character complexCharacter -> f
    int deviceId -> a
io.flutter.embedding.engine.systemchannels.LifecycleChannel -> io.flutter.embedding.engine.i.c:
    io.flutter.plugin.common.BasicMessageChannel channel -> a
    void appIsDetached() -> a
    void appIsInactive() -> b
    void appIsPaused() -> c
    void appIsResumed() -> d
io.flutter.embedding.engine.systemchannels.LocalizationChannel -> io.flutter.embedding.engine.i.d:
    io.flutter.plugin.common.MethodChannel channel -> a
    void sendLocales(java.util.List) -> a
io.flutter.embedding.engine.systemchannels.NavigationChannel -> io.flutter.embedding.engine.i.e:
    io.flutter.plugin.common.MethodChannel channel -> a
    void popRoute() -> a
    void setInitialRoute(java.lang.String) -> a
io.flutter.embedding.engine.systemchannels.PlatformChannel -> io.flutter.embedding.engine.i.f:
    io.flutter.plugin.common.MethodChannel$MethodCallHandler parsingMethodCallHandler -> c
    io.flutter.embedding.engine.systemchannels.PlatformChannel$PlatformMessageHandler platformMessageHandler -> b
    io.flutter.plugin.common.MethodChannel channel -> a
    io.flutter.embedding.engine.systemchannels.PlatformChannel$PlatformMessageHandler access$000(io.flutter.embedding.engine.systemchannels.PlatformChannel) -> a
    int access$100(io.flutter.embedding.engine.systemchannels.PlatformChannel,org.json.JSONArray) -> a
    io.flutter.embedding.engine.systemchannels.PlatformChannel$AppSwitcherDescription access$200(io.flutter.embedding.engine.systemchannels.PlatformChannel,org.json.JSONObject) -> a
    java.util.ArrayList access$500(io.flutter.embedding.engine.systemchannels.PlatformChannel,java.util.List) -> a
    io.flutter.embedding.engine.systemchannels.PlatformChannel$AppSwitcherDescription decodeAppSwitcherDescription(org.json.JSONObject) -> a
    java.util.ArrayList decodeExclusionRects(org.json.JSONArray) -> a
    java.util.ArrayList encodeExclusionRects(java.util.List) -> a
    void setPlatformMessageHandler(io.flutter.embedding.engine.systemchannels.PlatformChannel$PlatformMessageHandler) -> a
    java.util.List access$300(io.flutter.embedding.engine.systemchannels.PlatformChannel,org.json.JSONArray) -> b
io.flutter.embedding.engine.systemchannels.PlatformChannel$1 -> io.flutter.embedding.engine.i.f$a:
    io.flutter.embedding.engine.systemchannels.PlatformChannel this$0 -> a
    void onMethodCall(io.flutter.plugin.common.MethodCall,io.flutter.plugin.common.MethodChannel$Result) -> a
io.flutter.embedding.engine.systemchannels.PlatformChannel$2 -> io.flutter.embedding.engine.i.f$b:
    int[] $SwitchMap$io$flutter$embedding$engine$systemchannels$PlatformChannel$SystemUiOverlay -> b
    int[] $SwitchMap$io$flutter$embedding$engine$systemchannels$PlatformChannel$DeviceOrientation -> a
io.flutter.embedding.engine.systemchannels.PlatformChannel$AppSwitcherDescription -> io.flutter.embedding.engine.i.f$c:
    java.lang.String label -> b
    int color -> a
io.flutter.embedding.engine.systemchannels.PlatformChannel$Brightness -> io.flutter.embedding.engine.i.f$d:
    io.flutter.embedding.engine.systemchannels.PlatformChannel$Brightness[] $VALUES -> d
    io.flutter.embedding.engine.systemchannels.PlatformChannel$Brightness LIGHT -> b
    java.lang.String encodedName -> a
    io.flutter.embedding.engine.systemchannels.PlatformChannel$Brightness DARK -> c
    io.flutter.embedding.engine.systemchannels.PlatformChannel$Brightness fromValue(java.lang.String) -> a